\BOOKMARK [0][-]{chapter.1}{\376\377\000T\000e\000m\000e\000l\000j\000i\000\040\000t\000e\000o\000r\000i\000j\000e\000\040\000u\000p\000o\000d\000o\000b\000i\000t\000e\000v}{}% 1
\BOOKMARK [1][-]{section.1.1}{\376\377\000O\000s\000n\000o\000v\000n\000i\000\040\000p\000o\000j\000m\000i}{chapter.1}% 2
\BOOKMARK [1][-]{section.1.2}{\376\377\000F\000u\000n\000d\000a\000m\000e\000n\000t\000a\000l\000n\000e\000\040\000k\000o\000n\000s\000t\000r\000u\000k\000c\000i\000j\000e}{chapter.1}% 3
\BOOKMARK [0][-]{chapter.2}{\376\377\000U\000p\000o\000d\000o\000b\000i\000t\000e\000v\000\040\000p\000o\000d\000\040\000m\000i\000k\000r\000o\000s\000k\000o\000p\000o\000m}{}% 4
\BOOKMARK [1][-]{section.2.1}{\376\377\000R\000a\000z\000s\000t\000a\000v\000l\000j\000a\000n\000j\000e\000\040\000u\000p\000o\000d\000o\000b\000i\000t\000v\000e}{chapter.2}% 5
\BOOKMARK [1][-]{section.2.2}{\376\377\000M\000a\000t\000r\000i\001\015\000n\000i\000\040\000k\000o\000e\000f\000i\000c\000i\000e\000n\000t\000i}{chapter.2}% 6
\BOOKMARK [0][-]{chapter.3}{\376\377\000U\000p\000o\000d\000o\000b\000i\000t\000v\000e\000\040\000k\000o\000n\001\015\000n\000i\000h\000\040\000g\000r\000u\000p}{}% 7
\BOOKMARK [1][-]{section.3.1}{\376\377\000P\000o\000l\000e\000n\000o\000s\000t\000a\000v\000n\000o\000s\000t}{chapter.3}% 8
\BOOKMARK [1][-]{section.3.2}{\376\377\000K\000a\000r\000a\000k\000t\000e\000r\000j\000i}{chapter.3}% 9
\BOOKMARK [0][-]{chapter.4}{\376\377\000R\000a\000z\001\141\000i\000r\000j\000e\000n\000i\000\040\000z\000g\000l\000e\000d\000i\000\040\040\023\000\040\000k\000o\000n\001\015\000n\000i}{}% 10
\BOOKMARK [1][-]{section.4.1}{\376\377\000S\000i\000m\000e\000t\000r\000i\001\015\000n\000e\000\040\000g\000r\000u\000p\000e}{chapter.4}% 11
\BOOKMARK [1][-]{section.4.2}{\376\377\000S\000p\000l\000o\001\141\000n\000e\000\040\000l\000i\000n\000e\000a\000r\000n\000e\000\040\000g\000r\000u\000p\000e}{chapter.4}% 12
\BOOKMARK [0][-]{chapter.5}{\376\377\000A\000p\000l\000i\000k\000a\000c\000i\000j\000e}{}% 13
\BOOKMARK [1][-]{section.5.1}{\376\377\000A\000r\000i\000t\000m\000e\000t\000i\001\015\000n\000a\000\040\000z\000a\000p\000o\000r\000e\000d\000j\000a}{chapter.5}% 14
\BOOKMARK [1][-]{section.5.2}{\376\377\000P\000o\000d\000m\000n\000o\001\176\000i\000c\000e\000\040\000b\000r\000e\000z\000\040\000p\000r\000o\000d\000u\000k\000t\000o\000v}{chapter.5}% 15
\BOOKMARK [1][-]{section.5.3}{\376\377\000P\000r\000e\000p\000o\000z\000n\000a\000v\000a\000n\000j\000e\000\040\000k\000o\000m\000u\000t\000a\000t\000o\000r\000j\000e\000v}{chapter.5}% 16
\BOOKMARK [1][-]{section.5.4}{\376\377\000S\000l\000u\001\015\000a\000j\000n\000i\000\040\000s\000p\000r\000e\000h\000o\000d\000i}{chapter.5}% 17
\BOOKMARK [0][-]{chapter.6}{\376\377\000R\000a\000z\001\141\000i\000r\000j\000e\000n\000i\000\040\000z\000g\000l\000e\000d\000i\000\040\040\023\000\040\000n\000e\000s\000k\000o\000n\001\015\000n\000i}{}% 18
\BOOKMARK [1][-]{section.6.1}{\376\377\000K\000o\000m\000p\000a\000k\000t\000n\000e\000\040\000g\000r\000u\000p\000e}{chapter.6}% 19
\BOOKMARK [1][-]{section.6.2}{\376\377\000Z\000v\000e\000z\000n\000e\000\040\000l\000i\000n\000e\000a\000r\000n\000e\000\040\000g\000r\000u\000p\000e}{chapter.6}% 20
\BOOKMARK [1][-]{section.6.3}{\376\377\000D\000i\000s\000k\000r\000e\000t\000n\000e\000\040\000l\000i\000n\000e\000a\000r\000n\000e\000\040\000g\000r\000u\000p\000e}{chapter.6}% 21
